<?xml version="1.0" encoding="UTF-8" ?>
<testsuite tests="6" failures="0" name="DirectorTest" time="0.009" errors="0" skipped="0">
  <properties>
[...]
</properties>
  <testcase classname="DirectorTest" name="DirectorTest.testEmrindeCalisanlarlaDirectorMaaliyet" time="0.009"/>
  <testcase classname="DirectorTest" name="DirectorTest.testDirectorAdSoyad" time="0"/>
  <testcase classname="DirectorTest" name="DirectorTest.testSadeceDirectorMaaliyet" time="0"/>
  <testcase classname="DirectorTest" name="DirectorTest.testDirector" time="0"/>
  <testcase classname="DirectorTest" name="DirectorTest.testDirectorMaas" time="0"/>
  <testcase classname="DirectorTest" name="DirectorTest.testCalisanBul" time="0"/>
</testsuite>